Example app listening at http://:::8083
Fri Jun 25 2021 07:32:57 GMT+0000 (Coordinated Universal Time) - GET request for /
Fri Jun 25 2021 07:32:58 GMT+0000 (Coordinated Universal Time) - GET request for /files
Fri Jun 25 2021 11:10:51 GMT+0000 (Coordinated Universal Time) - GET request for /
Fri Jun 25 2021 11:10:51 GMT+0000 (Coordinated Universal Time) - GET request for /
Sat Jun 26 2021 02:40:15 GMT+0000 (Coordinated Universal Time) - GET request for /
Sat Jun 26 2021 14:08:06 GMT+0000 (Coordinated Universal Time) - POST request for http://check.best-proxies.ru/ip.php?Z72792295332Q1
Sat Jun 26 2021 16:12:51 GMT+0000 (Coordinated Universal Time) - POST request for http://fingerprints.bablosoft.com/ip?Z72792295332Q1
Sat Jun 26 2021 20:08:07 GMT+0000 (Coordinated Universal Time) - POST request for http://ip.bablosoft.com/?Z72792295332Q1
Sat Jun 26 2021 21:08:04 GMT+0000 (Coordinated Universal Time) - GET request for /
Sat Jun 26 2021 21:11:11 GMT+0000 (Coordinated Universal Time) - GET request for /
Sat Jun 26 2021 22:30:33 GMT+0000 (Coordinated Universal Time) - POST request for http://check.best-proxies.ru/ip.php?Z72792295332Q1
Sun Jun 27 2021 00:38:14 GMT+0000 (Coordinated Universal Time) - POST request for http://host64.ru/rb/getip.php?Z72792295332Q1
Sun Jun 27 2021 02:34:35 GMT+0000 (Coordinated Universal Time) - POST request for http://fingerprints.bablosoft.com/ip?Z72792295332Q1
Sun Jun 27 2021 06:30:08 GMT+0000 (Coordinated Universal Time) - GET request for /w00tw00t.at.ISC.SANS.DFind:)
Sun Jun 27 2021 10:48:51 GMT+0000 (Coordinated Universal Time) - GET request for /w00tw00t.at.ISC.SANS.DFind:)
Sun Jun 27 2021 13:25:34 GMT+0000 (Coordinated Universal Time) - GET request for /
Sun Jun 27 2021 13:25:35 GMT+0000 (Coordinated Universal Time) - GET request for /
Sun Jun 27 2021 13:26:04 GMT+0000 (Coordinated Universal Time) - GET request for /
Sun Jun 27 2021 13:36:18 GMT+0000 (Coordinated Universal Time) - POST request for http://ip.bablosoft.com/?Z72792295332Q1
Sun Jun 27 2021 15:45:33 GMT+0000 (Coordinated Universal Time) - POST request for http://ip.bablosoft.com/?Z72792295332Q1
Sun Jun 27 2021 20:13:48 GMT+0000 (Coordinated Universal Time) - POST request for http://freeze.na4u.ru/ip.php?Z72792295332Q1
Sun Jun 27 2021 22:01:49 GMT+0000 (Coordinated Universal Time) - POST request for http://proxy.kagda.ru/myip2.php?Z72792295332Q1
Mon Jun 28 2021 00:15:12 GMT+0000 (Coordinated Universal Time) - POST request for http://freeze.na4u.ru/ip.php?Z72792295332Q1
Mon Jun 28 2021 04:25:40 GMT+0000 (Coordinated Universal Time) - POST request for http://proxy.kagda.ru/myip2.php?Z72792295332Q1
Mon Jun 28 2021 05:28:49 GMT+0000 (Coordinated Universal Time) - GET request for /dniapi/userInfos
Error: ENOENT: no such file or directory, stat '/home/sudhir/local-model-test-app/local-server/models/dniapi/userInfos'
Mon Jun 28 2021 06:26:42 GMT+0000 (Coordinated Universal Time) - POST request for http://api.ipify.org/?Z72792295332Q1
Mon Jun 28 2021 08:56:41 GMT+0000 (Coordinated Universal Time) - POST request for http://fingerprints.bablosoft.com/ip?Z72792295332Q1
Mon Jun 28 2021 11:24:04 GMT+0000 (Coordinated Universal Time) - GET request for /
Mon Jun 28 2021 12:24:07 GMT+0000 (Coordinated Universal Time) - GET request for /
Mon Jun 28 2021 12:41:00 GMT+0000 (Coordinated Universal Time) - POST request for http://ip.bablosoft.com/?Z72792295332Q1
Mon Jun 28 2021 13:24:09 GMT+0000 (Coordinated Universal Time) - GET request for /
Mon Jun 28 2021 14:39:09 GMT+0000 (Coordinated Universal Time) - POST request for http://api.ipify.org/?Z72792295332Q1
Mon Jun 28 2021 16:45:18 GMT+0000 (Coordinated Universal Time) - POST request for http://host64.ru/rb/getip.php?Z72792295332Q1
Mon Jun 28 2021 21:32:08 GMT+0000 (Coordinated Universal Time) - GET request for /
Mon Jun 28 2021 23:31:40 GMT+0000 (Coordinated Universal Time) - GET request for /
Tue Jun 29 2021 02:59:03 GMT+0000 (Coordinated Universal Time) - GET request for /
Tue Jun 29 2021 09:18:27 GMT+0000 (Coordinated Universal Time) - GET request for /
Tue Jun 29 2021 09:18:27 GMT+0000 (Coordinated Universal Time) - GET request for /favicon.ico
Tue Jun 29 2021 09:18:28 GMT+0000 (Coordinated Universal Time) - GET request for /robots.txt
Tue Jun 29 2021 09:18:29 GMT+0000 (Coordinated Universal Time) - GET request for /.well-known/security.txt
Error: ENOENT: no such file or directory, stat '/home/sudhir/local-model-test-app/local-server/models/.well-known/security.txt'
Tue Jun 29 2021 09:18:54 GMT+0000 (Coordinated Universal Time) - GET request for /.well-known/security.txt/
Error: ENOENT: no such file or directory, stat '/home/sudhir/local-model-test-app/local-server/models/.well-known/security.txt'
Tue Jun 29 2021 11:07:42 GMT+0000 (Coordinated Universal Time) - GET request for /
Tue Jun 29 2021 22:23:12 GMT+0000 (Coordinated Universal Time) - GET request for /
Wed Jun 30 2021 01:27:43 GMT+0000 (Coordinated Universal Time) - GET request for /
Wed Jun 30 2021 03:13:45 GMT+0000 (Coordinated Universal Time) - POST request for http://freeze.na4u.ru/ip.php?Z72792295332Q1
Wed Jun 30 2021 10:52:08 GMT+0000 (Coordinated Universal Time) - GET request for /
Wed Jun 30 2021 10:52:09 GMT+0000 (Coordinated Universal Time) - GET request for /files
Wed Jun 30 2021 10:52:09 GMT+0000 (Coordinated Universal Time) - GET request for /favicon.ico
Wed Jun 30 2021 10:52:09 GMT+0000 (Coordinated Universal Time) - GET request for /testData
Wed Jun 30 2021 22:08:54 GMT+0000 (Coordinated Universal Time) - GET request for /
Thu Jul 01 2021 14:41:49 GMT+0000 (Coordinated Universal Time) - HEAD request for /
Thu Jul 01 2021 14:41:50 GMT+0000 (Coordinated Universal Time) - GET request for /system_api.php
Thu Jul 01 2021 14:41:50 GMT+0000 (Coordinated Universal Time) - GET request for /c/version.js
Error: ENOENT: no such file or directory, stat '/home/sudhir/local-model-test-app/local-server/models/c/version.js'
Thu Jul 01 2021 14:41:51 GMT+0000 (Coordinated Universal Time) - GET request for /streaming/clients_live.php
Error: ENOENT: no such file or directory, stat '/home/sudhir/local-model-test-app/local-server/models/streaming/clients_live.php'
Thu Jul 01 2021 14:41:51 GMT+0000 (Coordinated Universal Time) - GET request for /stalker_portal/c/version.js
Thu Jul 01 2021 14:41:52 GMT+0000 (Coordinated Universal Time) - GET request for /stream/live.php
Error: ENOENT: no such file or directory, stat '/home/sudhir/local-model-test-app/local-server/models/stream/live.php'
Fri Jul 02 2021 07:13:44 GMT+0000 (Coordinated Universal Time) - GET request for /w00tw00t.at.ISC.SANS.DFind:)
Fri Jul 02 2021 13:05:23 GMT+0000 (Coordinated Universal Time) - GET request for /w00tw00t.at.ISC.SANS.DFind:)
Fri Jul 02 2021 14:37:08 GMT+0000 (Coordinated Universal Time) - GET request for /
Fri Jul 02 2021 14:51:40 GMT+0000 (Coordinated Universal Time) - GET request for /
Fri Jul 02 2021 14:51:43 GMT+0000 (Coordinated Universal Time) - GET request for /
Fri Jul 02 2021 17:49:18 GMT+0000 (Coordinated Universal Time) - GET request for /
Fri Jul 02 2021 22:18:36 GMT+0000 (Coordinated Universal Time) - POST request for http://proxy.kagda.ru/myip2.php?Z72792295332Q1
Sat Jul 03 2021 01:43:08 GMT+0000 (Coordinated Universal Time) - GET request for /
Sat Jul 03 2021 01:43:16 GMT+0000 (Coordinated Universal Time) - POST request for /sdk
Sat Jul 03 2021 01:43:16 GMT+0000 (Coordinated Universal Time) - GET request for /?=PHPE9568F36-D428-11d2-A769-00AA001ACF42
Sat Jul 03 2021 01:43:16 GMT+0000 (Coordinated Universal Time) - GET request for /
Sat Jul 03 2021 01:43:16 GMT+0000 (Coordinated Universal Time) - GET request for /nmaplowercheck1625276594
Sat Jul 03 2021 01:43:16 GMT+0000 (Coordinated Universal Time) - GET request for /CSS/Miniweb.css
Sat Jul 03 2021 01:43:16 GMT+0000 (Coordinated Universal Time) - GET request for /.git/HEAD
Error: ENOENT: no such file or directory, stat '/home/sudhir/local-model-test-app/local-server/models/CSS/Miniweb.css'
Error: ENOENT: no such file or directory, stat '/home/sudhir/local-model-test-app/local-server/models/.git/HEAD'
Sat Jul 03 2021 01:43:22 GMT+0000 (Coordinated Universal Time) - GET request for /?=PHPB8B5F2A0-3C92-11d3-A3A9-4C7B08C10000
Sat Jul 03 2021 01:43:22 GMT+0000 (Coordinated Universal Time) - GET request for /favicon.ico
Sat Jul 03 2021 01:43:22 GMT+0000 (Coordinated Universal Time) - GET request for /HNAP1
Sat Jul 03 2021 01:43:23 GMT+0000 (Coordinated Universal Time) - GET request for /pools/default/buckets
Sat Jul 03 2021 01:43:23 GMT+0000 (Coordinated Universal Time) - GET request for /
Sat Jul 03 2021 01:43:24 GMT+0000 (Coordinated Universal Time) - GET request for /Portal0000.htm
Sat Jul 03 2021 01:43:27 GMT+0000 (Coordinated Universal Time) - GET request for /Portal/Portal.mwsl
Error: ENOENT: no such file or directory, stat '/home/sudhir/local-model-test-app/local-server/models/Portal/Portal.mwsl'
Sat Jul 03 2021 01:43:28 GMT+0000 (Coordinated Universal Time) - GET request for /QqVD
Sat Jul 03 2021 01:43:28 GMT+0000 (Coordinated Universal Time) - GET request for /pools
Sat Jul 03 2021 01:43:28 GMT+0000 (Coordinated Universal Time) - GET request for /owa/auth/x.js
Sat Jul 03 2021 01:43:28 GMT+0000 (Coordinated Universal Time) - GET request for /__Additional
Sat Jul 03 2021 01:43:29 GMT+0000 (Coordinated Universal Time) - GET request for /default.jhtml
Sat Jul 03 2021 01:43:29 GMT+0000 (Coordinated Universal Time) - GET request for /docs/cplugError.html/
Error: ENOENT: no such file or directory, stat '/home/sudhir/local-model-test-app/local-server/models/docs/cplugError.html'
Sat Jul 03 2021 01:43:30 GMT+0000 (Coordinated Universal Time) - GET request for /main.php
Sat Jul 03 2021 01:43:31 GMT+0000 (Coordinated Universal Time) - GET request for /
Sat Jul 03 2021 01:43:32 GMT+0000 (Coordinated Universal Time) - GET request for /
Sat Jul 03 2021 21:08:08 GMT+0000 (Coordinated Universal Time) - GET request for /
Sun Jul 04 2021 00:09:29 GMT+0000 (Coordinated Universal Time) - POST request for http://check.best-proxies.ru/ip.php?Z72792295332Q1
Sun Jul 04 2021 01:01:04 GMT+0000 (Coordinated Universal Time) - GET request for /
Sun Jul 04 2021 06:50:06 GMT+0000 (Coordinated Universal Time) - GET request for /
Sun Jul 04 2021 14:33:09 GMT+0000 (Coordinated Universal Time) - GET request for /
Sun Jul 04 2021 21:20:23 GMT+0000 (Coordinated Universal Time) - GET request for /
Mon Jul 05 2021 02:38:17 GMT+0000 (Coordinated Universal Time) - GET request for /
Mon Jul 05 2021 07:02:57 GMT+0000 (Coordinated Universal Time) - GET request for /
Mon Jul 05 2021 15:19:44 GMT+0000 (Coordinated Universal Time) - GET request for /
Tue Jul 06 2021 06:45:48 GMT+0000 (Coordinated Universal Time) - GET request for /
Tue Jul 06 2021 06:45:49 GMT+0000 (Coordinated Universal Time) - GET request for /files
Tue Jul 06 2021 06:45:49 GMT+0000 (Coordinated Universal Time) - GET request for /favicon.ico
Tue Jul 06 2021 06:45:49 GMT+0000 (Coordinated Universal Time) - GET request for /testData
Tue Jul 06 2021 06:54:07 GMT+0000 (Coordinated Universal Time) - GET request for /
Tue Jul 06 2021 06:54:07 GMT+0000 (Coordinated Universal Time) - GET request for /files
Tue Jul 06 2021 06:55:08 GMT+0000 (Coordinated Universal Time) - GET request for /
Tue Jul 06 2021 06:55:09 GMT+0000 (Coordinated Universal Time) - GET request for /files
Tue Jul 06 2021 06:55:09 GMT+0000 (Coordinated Universal Time) - GET request for /testData
Tue Jul 06 2021 06:55:09 GMT+0000 (Coordinated Universal Time) - GET request for /favicon.ico
Tue Jul 06 2021 07:10:50 GMT+0000 (Coordinated Universal Time) - GET request for /
Tue Jul 06 2021 08:48:06 GMT+0000 (Coordinated Universal Time) - GET request for /
Tue Jul 06 2021 08:48:07 GMT+0000 (Coordinated Universal Time) - GET request for /files
Tue Jul 06 2021 08:56:26 GMT+0000 (Coordinated Universal Time) - GET request for /
Tue Jul 06 2021 08:56:26 GMT+0000 (Coordinated Universal Time) - GET request for /files
Tue Jul 06 2021 09:02:24 GMT+0000 (Coordinated Universal Time) - GET request for /
Tue Jul 06 2021 09:02:25 GMT+0000 (Coordinated Universal Time) - GET request for /files
Tue Jul 06 2021 15:49:28 GMT+0000 (Coordinated Universal Time) - GET request for /
Wed Jul 07 2021 21:55:10 GMT+0000 (Coordinated Universal Time) - GET request for /w00tw00t.at.ISC.SANS.DFind:)
Thu Jul 08 2021 02:30:32 GMT+0000 (Coordinated Universal Time) - GET request for /
Thu Jul 08 2021 02:30:33 GMT+0000 (Coordinated Universal Time) - GET request for /files
Thu Jul 08 2021 02:30:33 GMT+0000 (Coordinated Universal Time) - GET request for /testData
Thu Jul 08 2021 02:30:33 GMT+0000 (Coordinated Universal Time) - GET request for /favicon.ico
Thu Jul 08 2021 02:31:54 GMT+0000 (Coordinated Universal Time) - GET request for /LogoDetection3/Model.js
Thu Jul 08 2021 02:31:55 GMT+0000 (Coordinated Universal Time) - GET request for /LogoDetection3/model.json
Thu Jul 08 2021 02:31:55 GMT+0000 (Coordinated Universal Time) - GET request for /LogoDetection3/group1-shard1of8.bin
Thu Jul 08 2021 02:31:55 GMT+0000 (Coordinated Universal Time) - GET request for /LogoDetection3/group1-shard2of8.bin
Thu Jul 08 2021 02:31:55 GMT+0000 (Coordinated Universal Time) - GET request for /LogoDetection3/group1-shard4of8.bin
Thu Jul 08 2021 02:31:55 GMT+0000 (Coordinated Universal Time) - GET request for /LogoDetection3/group1-shard5of8.bin
Thu Jul 08 2021 02:31:55 GMT+0000 (Coordinated Universal Time) - GET request for /LogoDetection3/group1-shard6of8.bin
Thu Jul 08 2021 02:31:55 GMT+0000 (Coordinated Universal Time) - GET request for /LogoDetection3/group1-shard3of8.bin
Thu Jul 08 2021 02:31:58 GMT+0000 (Coordinated Universal Time) - GET request for /LogoDetection3/group1-shard8of8.bin
Thu Jul 08 2021 02:31:58 GMT+0000 (Coordinated Universal Time) - GET request for /LogoDetection3/group1-shard7of8.bin
Thu Jul 08 2021 02:32:27 GMT+0000 (Coordinated Universal Time) - GET request for /LogoDetection3/model.json
Thu Jul 08 2021 02:32:27 GMT+0000 (Coordinated Universal Time) - GET request for /LogoDetection3/group1-shard1of8.bin
Thu Jul 08 2021 02:32:27 GMT+0000 (Coordinated Universal Time) - GET request for /LogoDetection3/group1-shard6of8.bin
Thu Jul 08 2021 02:32:27 GMT+0000 (Coordinated Universal Time) - GET request for /LogoDetection3/group1-shard2of8.bin
Thu Jul 08 2021 02:32:27 GMT+0000 (Coordinated Universal Time) - GET request for /LogoDetection3/group1-shard4of8.bin
Thu Jul 08 2021 02:32:27 GMT+0000 (Coordinated Universal Time) - GET request for /LogoDetection3/group1-shard5of8.bin
Thu Jul 08 2021 02:32:27 GMT+0000 (Coordinated Universal Time) - GET request for /LogoDetection3/group1-shard7of8.bin
Thu Jul 08 2021 02:32:27 GMT+0000 (Coordinated Universal Time) - GET request for /LogoDetection3/group1-shard3of8.bin
Thu Jul 08 2021 02:32:27 GMT+0000 (Coordinated Universal Time) - GET request for /LogoDetection3/group1-shard8of8.bin
Thu Jul 08 2021 02:32:36 GMT+0000 (Coordinated Universal Time) - GET request for /LogoDetection3/model.json
Thu Jul 08 2021 02:32:36 GMT+0000 (Coordinated Universal Time) - GET request for /LogoDetection3/group1-shard1of8.bin
Thu Jul 08 2021 02:32:36 GMT+0000 (Coordinated Universal Time) - GET request for /LogoDetection3/group1-shard7of8.bin
Thu Jul 08 2021 02:32:36 GMT+0000 (Coordinated Universal Time) - GET request for /LogoDetection3/group1-shard2of8.bin
Thu Jul 08 2021 02:32:36 GMT+0000 (Coordinated Universal Time) - GET request for /LogoDetection3/group1-shard3of8.bin
Thu Jul 08 2021 02:32:36 GMT+0000 (Coordinated Universal Time) - GET request for /LogoDetection3/group1-shard4of8.bin
Thu Jul 08 2021 02:32:36 GMT+0000 (Coordinated Universal Time) - GET request for /LogoDetection3/group1-shard5of8.bin
Thu Jul 08 2021 02:32:36 GMT+0000 (Coordinated Universal Time) - GET request for /LogoDetection3/group1-shard6of8.bin
Thu Jul 08 2021 02:32:36 GMT+0000 (Coordinated Universal Time) - GET request for /LogoDetection3/group1-shard8of8.bin
Thu Jul 08 2021 02:32:45 GMT+0000 (Coordinated Universal Time) - GET request for /LogoDetection3/model.json
Thu Jul 08 2021 02:32:45 GMT+0000 (Coordinated Universal Time) - GET request for /LogoDetection3/group1-shard1of8.bin
Thu Jul 08 2021 02:32:45 GMT+0000 (Coordinated Universal Time) - GET request for /LogoDetection3/group1-shard7of8.bin
Thu Jul 08 2021 02:32:45 GMT+0000 (Coordinated Universal Time) - GET request for /LogoDetection3/group1-shard3of8.bin
Thu Jul 08 2021 02:32:45 GMT+0000 (Coordinated Universal Time) - GET request for /LogoDetection3/group1-shard5of8.bin
Thu Jul 08 2021 02:32:45 GMT+0000 (Coordinated Universal Time) - GET request for /LogoDetection3/group1-shard6of8.bin
Thu Jul 08 2021 02:32:45 GMT+0000 (Coordinated Universal Time) - GET request for /LogoDetection3/group1-shard2of8.bin
Thu Jul 08 2021 02:32:45 GMT+0000 (Coordinated Universal Time) - GET request for /LogoDetection3/group1-shard4of8.bin
Thu Jul 08 2021 02:32:45 GMT+0000 (Coordinated Universal Time) - GET request for /LogoDetection3/group1-shard8of8.bin
Thu Jul 08 2021 02:32:54 GMT+0000 (Coordinated Universal Time) - GET request for /LogoDetection3/model.json
Thu Jul 08 2021 02:32:54 GMT+0000 (Coordinated Universal Time) - GET request for /LogoDetection3/group1-shard1of8.bin
Thu Jul 08 2021 02:32:54 GMT+0000 (Coordinated Universal Time) - GET request for /LogoDetection3/group1-shard3of8.bin
Thu Jul 08 2021 02:32:54 GMT+0000 (Coordinated Universal Time) - GET request for /LogoDetection3/group1-shard7of8.bin
Thu Jul 08 2021 02:32:54 GMT+0000 (Coordinated Universal Time) - GET request for /LogoDetection3/group1-shard2of8.bin
Thu Jul 08 2021 02:32:54 GMT+0000 (Coordinated Universal Time) - GET request for /LogoDetection3/group1-shard4of8.bin
Thu Jul 08 2021 02:32:54 GMT+0000 (Coordinated Universal Time) - GET request for /LogoDetection3/group1-shard6of8.bin
Thu Jul 08 2021 02:32:54 GMT+0000 (Coordinated Universal Time) - GET request for /LogoDetection3/group1-shard5of8.bin
Thu Jul 08 2021 02:32:54 GMT+0000 (Coordinated Universal Time) - GET request for /LogoDetection3/group1-shard8of8.bin
Thu Jul 08 2021 02:33:02 GMT+0000 (Coordinated Universal Time) - GET request for /LogoDetection3/model.json
Thu Jul 08 2021 02:33:03 GMT+0000 (Coordinated Universal Time) - GET request for /LogoDetection3/group1-shard1of8.bin
Thu Jul 08 2021 02:33:03 GMT+0000 (Coordinated Universal Time) - GET request for /LogoDetection3/group1-shard7of8.bin
Thu Jul 08 2021 02:33:03 GMT+0000 (Coordinated Universal Time) - GET request for /LogoDetection3/group1-shard2of8.bin
Thu Jul 08 2021 02:33:03 GMT+0000 (Coordinated Universal Time) - GET request for /LogoDetection3/group1-shard3of8.bin
Thu Jul 08 2021 02:33:03 GMT+0000 (Coordinated Universal Time) - GET request for /LogoDetection3/group1-shard5of8.bin
Thu Jul 08 2021 02:33:03 GMT+0000 (Coordinated Universal Time) - GET request for /LogoDetection3/group1-shard6of8.bin
Thu Jul 08 2021 02:33:03 GMT+0000 (Coordinated Universal Time) - GET request for /LogoDetection3/group1-shard4of8.bin
Thu Jul 08 2021 02:33:03 GMT+0000 (Coordinated Universal Time) - GET request for /LogoDetection3/group1-shard8of8.bin
Thu Jul 08 2021 02:33:13 GMT+0000 (Coordinated Universal Time) - GET request for /LogoDetection3/model.json
Thu Jul 08 2021 02:33:13 GMT+0000 (Coordinated Universal Time) - GET request for /LogoDetection3/group1-shard1of8.bin
Thu Jul 08 2021 02:33:13 GMT+0000 (Coordinated Universal Time) - GET request for /LogoDetection3/group1-shard3of8.bin
Thu Jul 08 2021 02:33:13 GMT+0000 (Coordinated Universal Time) - GET request for /LogoDetection3/group1-shard2of8.bin
Thu Jul 08 2021 02:33:13 GMT+0000 (Coordinated Universal Time) - GET request for /LogoDetection3/group1-shard4of8.bin
Thu Jul 08 2021 02:33:13 GMT+0000 (Coordinated Universal Time) - GET request for /LogoDetection3/group1-shard7of8.bin
Thu Jul 08 2021 02:33:13 GMT+0000 (Coordinated Universal Time) - GET request for /LogoDetection3/group1-shard5of8.bin
Thu Jul 08 2021 02:33:13 GMT+0000 (Coordinated Universal Time) - GET request for /LogoDetection3/group1-shard6of8.bin
Thu Jul 08 2021 02:33:13 GMT+0000 (Coordinated Universal Time) - GET request for /LogoDetection3/group1-shard8of8.bin
Thu Jul 08 2021 02:33:23 GMT+0000 (Coordinated Universal Time) - GET request for /LogoDetection3/model.json
Thu Jul 08 2021 02:33:23 GMT+0000 (Coordinated Universal Time) - GET request for /LogoDetection3/group1-shard1of8.bin
Thu Jul 08 2021 02:33:23 GMT+0000 (Coordinated Universal Time) - GET request for /LogoDetection3/group1-shard7of8.bin
Thu Jul 08 2021 02:33:23 GMT+0000 (Coordinated Universal Time) - GET request for /LogoDetection3/group1-shard5of8.bin
Thu Jul 08 2021 02:33:23 GMT+0000 (Coordinated Universal Time) - GET request for /LogoDetection3/group1-shard4of8.bin
Thu Jul 08 2021 02:33:23 GMT+0000 (Coordinated Universal Time) - GET request for /LogoDetection3/group1-shard6of8.bin
Thu Jul 08 2021 02:33:23 GMT+0000 (Coordinated Universal Time) - GET request for /LogoDetection3/group1-shard3of8.bin
Thu Jul 08 2021 02:33:23 GMT+0000 (Coordinated Universal Time) - GET request for /LogoDetection3/group1-shard2of8.bin
Thu Jul 08 2021 02:33:23 GMT+0000 (Coordinated Universal Time) - GET request for /LogoDetection3/group1-shard8of8.bin
Thu Jul 08 2021 02:44:05 GMT+0000 (Coordinated Universal Time) - GET request for /
Thu Jul 08 2021 02:44:07 GMT+0000 (Coordinated Universal Time) - GET request for /files
Thu Jul 08 2021 02:44:20 GMT+0000 (Coordinated Universal Time) - GET request for /undefined/Model.js
Error: ENOENT: no such file or directory, stat '/home/sudhir/local-model-test-app/local-server/models/undefined/Model.js'
Thu Jul 08 2021 02:44:31 GMT+0000 (Coordinated Universal Time) - GET request for /
Thu Jul 08 2021 02:44:31 GMT+0000 (Coordinated Universal Time) - GET request for /files
Thu Jul 08 2021 02:44:42 GMT+0000 (Coordinated Universal Time) - GET request for /LogoDetection3/Model.js
Thu Jul 08 2021 02:44:42 GMT+0000 (Coordinated Universal Time) - GET request for /LogoDetection3/model.json
Thu Jul 08 2021 02:44:42 GMT+0000 (Coordinated Universal Time) - GET request for /LogoDetection3/group1-shard1of8.bin
Thu Jul 08 2021 02:44:42 GMT+0000 (Coordinated Universal Time) - GET request for /LogoDetection3/group1-shard7of8.bin
Thu Jul 08 2021 02:44:42 GMT+0000 (Coordinated Universal Time) - GET request for /LogoDetection3/group1-shard3of8.bin
Thu Jul 08 2021 02:44:42 GMT+0000 (Coordinated Universal Time) - GET request for /LogoDetection3/group1-shard2of8.bin
Thu Jul 08 2021 02:44:42 GMT+0000 (Coordinated Universal Time) - GET request for /LogoDetection3/group1-shard5of8.bin
Thu Jul 08 2021 02:44:42 GMT+0000 (Coordinated Universal Time) - GET request for /LogoDetection3/group1-shard6of8.bin
Thu Jul 08 2021 02:44:42 GMT+0000 (Coordinated Universal Time) - GET request for /LogoDetection3/group1-shard4of8.bin
Thu Jul 08 2021 02:44:43 GMT+0000 (Coordinated Universal Time) - GET request for /LogoDetection3/group1-shard8of8.bin
Thu Jul 08 2021 02:44:51 GMT+0000 (Coordinated Universal Time) - GET request for /LogoDetection3/model.json
Thu Jul 08 2021 02:44:51 GMT+0000 (Coordinated Universal Time) - GET request for /LogoDetection3/group1-shard1of8.bin
Thu Jul 08 2021 02:44:51 GMT+0000 (Coordinated Universal Time) - GET request for /LogoDetection3/group1-shard7of8.bin
Thu Jul 08 2021 02:44:51 GMT+0000 (Coordinated Universal Time) - GET request for /LogoDetection3/group1-shard5of8.bin
Thu Jul 08 2021 02:44:51 GMT+0000 (Coordinated Universal Time) - GET request for /LogoDetection3/group1-shard2of8.bin
Thu Jul 08 2021 02:44:51 GMT+0000 (Coordinated Universal Time) - GET request for /LogoDetection3/group1-shard6of8.bin
Thu Jul 08 2021 02:44:51 GMT+0000 (Coordinated Universal Time) - GET request for /LogoDetection3/group1-shard3of8.bin
Thu Jul 08 2021 02:44:51 GMT+0000 (Coordinated Universal Time) - GET request for /LogoDetection3/group1-shard4of8.bin
Thu Jul 08 2021 02:44:51 GMT+0000 (Coordinated Universal Time) - GET request for /LogoDetection3/group1-shard8of8.bin
Thu Jul 08 2021 02:44:59 GMT+0000 (Coordinated Universal Time) - GET request for /LogoDetection3/model.json
Thu Jul 08 2021 02:44:59 GMT+0000 (Coordinated Universal Time) - GET request for /LogoDetection3/group1-shard1of8.bin
Thu Jul 08 2021 02:44:59 GMT+0000 (Coordinated Universal Time) - GET request for /LogoDetection3/group1-shard2of8.bin
Thu Jul 08 2021 02:44:59 GMT+0000 (Coordinated Universal Time) - GET request for /LogoDetection3/group1-shard7of8.bin
Thu Jul 08 2021 02:44:59 GMT+0000 (Coordinated Universal Time) - GET request for /LogoDetection3/group1-shard5of8.bin
Thu Jul 08 2021 02:44:59 GMT+0000 (Coordinated Universal Time) - GET request for /LogoDetection3/group1-shard3of8.bin
Thu Jul 08 2021 02:44:59 GMT+0000 (Coordinated Universal Time) - GET request for /LogoDetection3/group1-shard4of8.bin
Thu Jul 08 2021 02:44:59 GMT+0000 (Coordinated Universal Time) - GET request for /LogoDetection3/group1-shard6of8.bin
Thu Jul 08 2021 02:44:59 GMT+0000 (Coordinated Universal Time) - GET request for /LogoDetection3/group1-shard8of8.bin
Thu Jul 08 2021 02:45:07 GMT+0000 (Coordinated Universal Time) - GET request for /LogoDetection3/model.json
Thu Jul 08 2021 02:45:07 GMT+0000 (Coordinated Universal Time) - GET request for /LogoDetection3/group1-shard1of8.bin
Thu Jul 08 2021 02:45:07 GMT+0000 (Coordinated Universal Time) - GET request for /LogoDetection3/group1-shard7of8.bin
Thu Jul 08 2021 02:45:07 GMT+0000 (Coordinated Universal Time) - GET request for /LogoDetection3/group1-shard5of8.bin
Thu Jul 08 2021 02:45:07 GMT+0000 (Coordinated Universal Time) - GET request for /LogoDetection3/group1-shard2of8.bin
Thu Jul 08 2021 02:45:07 GMT+0000 (Coordinated Universal Time) - GET request for /LogoDetection3/group1-shard3of8.bin
Thu Jul 08 2021 02:45:07 GMT+0000 (Coordinated Universal Time) - GET request for /LogoDetection3/group1-shard6of8.bin
Thu Jul 08 2021 02:45:07 GMT+0000 (Coordinated Universal Time) - GET request for /LogoDetection3/group1-shard4of8.bin
Thu Jul 08 2021 02:45:07 GMT+0000 (Coordinated Universal Time) - GET request for /LogoDetection3/group1-shard8of8.bin
Thu Jul 08 2021 02:45:14 GMT+0000 (Coordinated Universal Time) - GET request for /LogoDetection3/model.json
Thu Jul 08 2021 02:45:14 GMT+0000 (Coordinated Universal Time) - GET request for /LogoDetection3/group1-shard1of8.bin
Thu Jul 08 2021 02:45:14 GMT+0000 (Coordinated Universal Time) - GET request for /LogoDetection3/group1-shard7of8.bin
Thu Jul 08 2021 02:45:14 GMT+0000 (Coordinated Universal Time) - GET request for /LogoDetection3/group1-shard2of8.bin
Thu Jul 08 2021 02:45:14 GMT+0000 (Coordinated Universal Time) - GET request for /LogoDetection3/group1-shard4of8.bin
Thu Jul 08 2021 02:45:14 GMT+0000 (Coordinated Universal Time) - GET request for /LogoDetection3/group1-shard6of8.bin
Thu Jul 08 2021 02:45:14 GMT+0000 (Coordinated Universal Time) - GET request for /LogoDetection3/group1-shard5of8.bin
Thu Jul 08 2021 02:45:14 GMT+0000 (Coordinated Universal Time) - GET request for /LogoDetection3/group1-shard3of8.bin
Thu Jul 08 2021 02:45:14 GMT+0000 (Coordinated Universal Time) - GET request for /LogoDetection3/group1-shard8of8.bin
Thu Jul 08 2021 02:45:22 GMT+0000 (Coordinated Universal Time) - GET request for /LogoDetection3/model.json
Thu Jul 08 2021 02:45:22 GMT+0000 (Coordinated Universal Time) - GET request for /LogoDetection3/group1-shard1of8.bin
Thu Jul 08 2021 02:45:22 GMT+0000 (Coordinated Universal Time) - GET request for /LogoDetection3/group1-shard2of8.bin
Thu Jul 08 2021 02:45:22 GMT+0000 (Coordinated Universal Time) - GET request for /LogoDetection3/group1-shard3of8.bin
Thu Jul 08 2021 02:45:22 GMT+0000 (Coordinated Universal Time) - GET request for /LogoDetection3/group1-shard5of8.bin
Thu Jul 08 2021 02:45:22 GMT+0000 (Coordinated Universal Time) - GET request for /LogoDetection3/group1-shard7of8.bin
Thu Jul 08 2021 02:45:22 GMT+0000 (Coordinated Universal Time) - GET request for /LogoDetection3/group1-shard6of8.bin
Thu Jul 08 2021 02:45:22 GMT+0000 (Coordinated Universal Time) - GET request for /LogoDetection3/group1-shard4of8.bin
Thu Jul 08 2021 02:45:22 GMT+0000 (Coordinated Universal Time) - GET request for /LogoDetection3/group1-shard8of8.bin
Thu Jul 08 2021 02:45:29 GMT+0000 (Coordinated Universal Time) - GET request for /LogoDetection3/model.json
Thu Jul 08 2021 02:45:29 GMT+0000 (Coordinated Universal Time) - GET request for /LogoDetection3/group1-shard1of8.bin
Thu Jul 08 2021 02:45:30 GMT+0000 (Coordinated Universal Time) - GET request for /LogoDetection3/group1-shard2of8.bin
Thu Jul 08 2021 02:45:30 GMT+0000 (Coordinated Universal Time) - GET request for /LogoDetection3/group1-shard7of8.bin
Thu Jul 08 2021 02:45:30 GMT+0000 (Coordinated Universal Time) - GET request for /LogoDetection3/group1-shard3of8.bin
Thu Jul 08 2021 02:45:30 GMT+0000 (Coordinated Universal Time) - GET request for /LogoDetection3/group1-shard4of8.bin
Thu Jul 08 2021 02:45:30 GMT+0000 (Coordinated Universal Time) - GET request for /LogoDetection3/group1-shard5of8.bin
Thu Jul 08 2021 02:45:30 GMT+0000 (Coordinated Universal Time) - GET request for /LogoDetection3/group1-shard6of8.bin
Thu Jul 08 2021 02:45:30 GMT+0000 (Coordinated Universal Time) - GET request for /LogoDetection3/group1-shard8of8.bin
Thu Jul 08 2021 02:45:38 GMT+0000 (Coordinated Universal Time) - GET request for /LogoDetection3/model.json
Thu Jul 08 2021 02:45:38 GMT+0000 (Coordinated Universal Time) - GET request for /LogoDetection3/group1-shard1of8.bin
Thu Jul 08 2021 02:45:38 GMT+0000 (Coordinated Universal Time) - GET request for /LogoDetection3/group1-shard2of8.bin
Thu Jul 08 2021 02:45:38 GMT+0000 (Coordinated Universal Time) - GET request for /LogoDetection3/group1-shard4of8.bin
Thu Jul 08 2021 02:45:38 GMT+0000 (Coordinated Universal Time) - GET request for /LogoDetection3/group1-shard7of8.bin
Thu Jul 08 2021 02:45:38 GMT+0000 (Coordinated Universal Time) - GET request for /LogoDetection3/group1-shard5of8.bin
Thu Jul 08 2021 02:45:38 GMT+0000 (Coordinated Universal Time) - GET request for /LogoDetection3/group1-shard6of8.bin
Thu Jul 08 2021 02:45:38 GMT+0000 (Coordinated Universal Time) - GET request for /LogoDetection3/group1-shard3of8.bin
Thu Jul 08 2021 02:45:38 GMT+0000 (Coordinated Universal Time) - GET request for /LogoDetection3/group1-shard8of8.bin
